module.vpc.aws_vpc.custom_vpc: Creating...
module.vpc.aws_vpc.custom_vpc: Creation complete after 1s [id=vpc-0264d207513b72ffc]
module.vpc.data.aws_instances.associated_instances: Reading...
module.vpc.aws_internet_gateway.custom_igw: Creating...
module.vpc.aws_subnet.custom_subnet: Creating...
module.ec2_instances["instance4"].aws_security_group.custom_sg: Creating...
module.ec2_instances["instance1"].aws_security_group.custom_sg: Creating...
module.ec2_instances["instance2"].aws_security_group.custom_sg: Creating...
module.ec2_instances["instance3"].aws_security_group.custom_sg: Creating...
module.vpc.data.aws_instances.associated_instances: Read complete after 0s [id=us-east-1]
module.vpc.aws_internet_gateway.custom_igw: Creation complete after 0s [id=igw-0d26da95b8397a9d9]
module.vpc.aws_route_table.custom_route_table: Creating...
module.vpc.aws_route_table.custom_route_table: Creation complete after 1s [id=rtb-01c39ca0f2730e56f]
module.ec2_instances["instance3"].aws_security_group.custom_sg: Creation complete after 2s [id=sg-0e51f7ba229249e06]
module.ec2_instances["instance2"].aws_security_group.custom_sg: Creation complete after 2s [id=sg-0c8a7dd06e619bb7e]
module.ec2_instances["instance4"].aws_security_group.custom_sg: Creation complete after 2s [id=sg-0f9ccd36344cfba9a]
module.ec2_instances["instance1"].aws_security_group.custom_sg: Creation complete after 2s [id=sg-025523830c87a633f]
module.vpc.aws_subnet.custom_subnet: Still creating... [10s elapsed]
module.vpc.aws_subnet.custom_subnet: Creation complete after 11s [id=subnet-0f19b8bc1ad61c535]
module.vpc.aws_route_table_association.custom_rta: Creating...
module.ec2_instances["instance2"].aws_instance.custom_instance: Creating...
module.ec2_instances["instance4"].aws_instance.custom_instance: Creating...
module.ec2_instances["instance3"].aws_instance.custom_instance: Creating...
module.ec2_instances["instance1"].aws_instance.custom_instance: Creating...
module.vpc.aws_route_table_association.custom_rta: Creation complete after 0s [id=rtbassoc-0c0879085e2b547ec]
module.ec2_instances["instance4"].aws_instance.custom_instance: Still creating... [10s elapsed]
module.ec2_instances["instance2"].aws_instance.custom_instance: Still creating... [10s elapsed]
module.ec2_instances["instance3"].aws_instance.custom_instance: Still creating... [10s elapsed]
module.ec2_instances["instance1"].aws_instance.custom_instance: Still creating... [10s elapsed]
module.ec2_instances["instance3"].aws_instance.custom_instance: Creation complete after 13s [id=i-0839863c7cbe9091e]
module.ec2_instances["instance2"].aws_instance.custom_instance: Creation complete after 13s [id=i-0d3e0f04ecf2ccc35]
module.ec2_instances["instance1"].aws_instance.custom_instance: Creation complete after 13s [id=i-03ac4861e3ebb6ab9]
module.ec2_instances["instance4"].aws_instance.custom_instance: Creation complete after 13s [id=i-030027383af0c0fd9]

Apply complete! Resources: 13 added, 0 changed, 0 destroyed.

Outputs:

associated_ec2_instance_ids = tolist([])
associated_ec2_public_ips = tolist([])
subnet_id = "subnet-0f19b8bc1ad61c535"
vpc_id = "vpc-0264d207513b72ffc"
